0 info it worked if it ends with ok
1 verbose cli [ '/usr/local/bin/node',
1 verbose cli   '/usr/local/bin/npm',
1 verbose cli   'install',
1 verbose cli   'local-cordova',
1 verbose cli   '-g' ]
2 info using npm@3.10.10
3 info using node@v6.10.3
4 silly loadCurrentTree Starting
5 silly install loadCurrentTree
6 silly install readGlobalPackageData
7 silly fetchPackageMetaData local-cordova
8 silly fetchNamedPackageData local-cordova
9 silly mapToRegistry name local-cordova
10 silly mapToRegistry using default registry
11 silly mapToRegistry registry https://registry.npmjs.org/
12 silly mapToRegistry data Result {
12 silly mapToRegistry   raw: 'local-cordova',
12 silly mapToRegistry   scope: null,
12 silly mapToRegistry   escapedName: 'local-cordova',
12 silly mapToRegistry   name: 'local-cordova',
12 silly mapToRegistry   rawSpec: '',
12 silly mapToRegistry   spec: 'latest',
12 silly mapToRegistry   type: 'tag' }
13 silly mapToRegistry uri https://registry.npmjs.org/local-cordova
14 verbose request uri https://registry.npmjs.org/local-cordova
15 verbose request no auth needed
16 info attempt registry request try #1 at 11:10:11
17 verbose request id b3a90d88971fcd31
18 http request GET https://registry.npmjs.org/local-cordova
19 http 200 https://registry.npmjs.org/local-cordova
20 verbose headers { server: 'nginx/1.10.1',
20 verbose headers   'content-type': 'application/json',
20 verbose headers   'last-modified': 'Wed, 02 Nov 2016 02:58:16 GMT',
20 verbose headers   etag: 'W/"58195648-be3"',
20 verbose headers   'content-encoding': 'gzip',
20 verbose headers   'cache-control': 'max-age=300',
20 verbose headers   'content-length': '1248',
20 verbose headers   'accept-ranges': 'bytes',
20 verbose headers   date: 'Thu, 22 Jun 2017 16:10:12 GMT',
20 verbose headers   via: '1.1 varnish',
20 verbose headers   age: '0',
20 verbose headers   connection: 'keep-alive',
20 verbose headers   'x-served-by': 'cache-lax8621-LAX',
20 verbose headers   'x-cache': 'MISS',
20 verbose headers   'x-cache-hits': '0',
20 verbose headers   'x-timer': 'S1498147812.398577,VS0,VE58',
20 verbose headers   vary: 'Accept-Encoding' }
21 silly get cb [ 200,
21 silly get   { server: 'nginx/1.10.1',
21 silly get     'content-type': 'application/json',
21 silly get     'last-modified': 'Wed, 02 Nov 2016 02:58:16 GMT',
21 silly get     etag: 'W/"58195648-be3"',
21 silly get     'content-encoding': 'gzip',
21 silly get     'cache-control': 'max-age=300',
21 silly get     'content-length': '1248',
21 silly get     'accept-ranges': 'bytes',
21 silly get     date: 'Thu, 22 Jun 2017 16:10:12 GMT',
21 silly get     via: '1.1 varnish',
21 silly get     age: '0',
21 silly get     connection: 'keep-alive',
21 silly get     'x-served-by': 'cache-lax8621-LAX',
21 silly get     'x-cache': 'MISS',
21 silly get     'x-cache-hits': '0',
21 silly get     'x-timer': 'S1498147812.398577,VS0,VE58',
21 silly get     vary: 'Accept-Encoding' } ]
22 verbose get saving local-cordova to /Users/fernando.amezcua/.npm/registry.npmjs.org/local-cordova/.cache.json
23 verbose correctMkdir /Users/fernando.amezcua/.npm correctMkdir not in flight; initializing
24 silly install normalizeTree
25 silly loadCurrentTree Finishing
26 silly loadIdealTree Starting
27 silly install loadIdealTree
28 silly cloneCurrentTree Starting
29 silly install cloneCurrentTreeToIdealTree
30 silly cloneCurrentTree Finishing
31 silly loadShrinkwrap Starting
32 silly install loadShrinkwrap
33 silly loadShrinkwrap Finishing
34 silly loadAllDepsIntoIdealTree Starting
35 silly install loadAllDepsIntoIdealTree
36 silly resolveWithNewModule local-cordova@0.1.0 checking installable status
37 silly cache add args [ 'local-cordova', null ]
38 verbose cache add spec local-cordova
39 silly cache add parsed spec Result {
39 silly cache add   raw: 'local-cordova',
39 silly cache add   scope: null,
39 silly cache add   escapedName: 'local-cordova',
39 silly cache add   name: 'local-cordova',
39 silly cache add   rawSpec: '',
39 silly cache add   spec: 'latest',
39 silly cache add   type: 'tag' }
40 silly addNamed local-cordova@latest
41 verbose addNamed "latest" is being treated as a dist-tag for local-cordova
42 info addNameTag [ 'local-cordova', 'latest' ]
43 silly mapToRegistry name local-cordova
44 silly mapToRegistry using default registry
45 silly mapToRegistry registry https://registry.npmjs.org/
46 silly mapToRegistry data Result {
46 silly mapToRegistry   raw: 'local-cordova',
46 silly mapToRegistry   scope: null,
46 silly mapToRegistry   escapedName: 'local-cordova',
46 silly mapToRegistry   name: 'local-cordova',
46 silly mapToRegistry   rawSpec: '',
46 silly mapToRegistry   spec: 'latest',
46 silly mapToRegistry   type: 'tag' }
47 silly mapToRegistry uri https://registry.npmjs.org/local-cordova
48 verbose addNameTag registry:https://registry.npmjs.org/local-cordova not in flight; fetching
49 verbose get https://registry.npmjs.org/local-cordova not expired, no request
50 silly addNameTag next cb for local-cordova with tag latest
51 silly addNamed local-cordova@0.1.0
52 verbose addNamed "0.1.0" is a plain semver version for local-cordova
53 silly mapToRegistry name local-cordova
54 silly mapToRegistry using default registry
55 silly mapToRegistry registry https://registry.npmjs.org/
56 silly mapToRegistry data Result {
56 silly mapToRegistry   raw: 'local-cordova',
56 silly mapToRegistry   scope: null,
56 silly mapToRegistry   escapedName: 'local-cordova',
56 silly mapToRegistry   name: 'local-cordova',
56 silly mapToRegistry   rawSpec: '',
56 silly mapToRegistry   spec: 'latest',
56 silly mapToRegistry   type: 'tag' }
57 silly mapToRegistry uri https://registry.npmjs.org/local-cordova
58 verbose addRemoteTarball https://registry.npmjs.org/local-cordova/-/local-cordova-0.1.0.tgz not in flight; adding
59 verbose addRemoteTarball [ 'https://registry.npmjs.org/local-cordova/-/local-cordova-0.1.0.tgz',
59 verbose addRemoteTarball   '38361ea53d55bd7891c202f3b2ec68f8e8a267e0' ]
60 info retry fetch attempt 1 at 11:10:12
61 info attempt registry request try #1 at 11:10:12
62 http fetch GET https://registry.npmjs.org/local-cordova/-/local-cordova-0.1.0.tgz
63 http fetch 200 https://registry.npmjs.org/local-cordova/-/local-cordova-0.1.0.tgz
64 silly fetchAndShaCheck shasum 38361ea53d55bd7891c202f3b2ec68f8e8a267e0
65 verbose addTmpTarball /var/folders/0q/ggjwfgk11xvgqgb6y60mpx9h2xxy7j/T/npm-7429-300cc199/registry.npmjs.org/local-cordova/-/local-cordova-0.1.0.tgz not in flight; adding
66 verbose addTmpTarball already have metadata; skipping unpack for local-cordova@0.1.0
67 verbose correctMkdir /Users/fernando.amezcua/.npm correctMkdir not in flight; initializing
68 silly cache afterAdd local-cordova@0.1.0
69 verbose afterAdd /Users/fernando.amezcua/.npm/local-cordova/0.1.0/package/package.json not in flight; writing
70 verbose correctMkdir /Users/fernando.amezcua/.npm correctMkdir not in flight; initializing
71 verbose afterAdd /Users/fernando.amezcua/.npm/local-cordova/0.1.0/package/package.json written
72 silly fetchNamedPackageData chalk
73 silly mapToRegistry name chalk
74 silly mapToRegistry using default registry
75 silly mapToRegistry registry https://registry.npmjs.org/
76 silly mapToRegistry data Result {
76 silly mapToRegistry   raw: 'chalk',
76 silly mapToRegistry   scope: null,
76 silly mapToRegistry   escapedName: 'chalk',
76 silly mapToRegistry   name: 'chalk',
76 silly mapToRegistry   rawSpec: '',
76 silly mapToRegistry   spec: 'latest',
76 silly mapToRegistry   type: 'tag' }
77 silly mapToRegistry uri https://registry.npmjs.org/chalk
78 silly fetchNamedPackageData find-root
79 silly mapToRegistry name find-root
80 silly mapToRegistry using default registry
81 silly mapToRegistry registry https://registry.npmjs.org/
82 silly mapToRegistry data Result {
82 silly mapToRegistry   raw: 'find-root',
82 silly mapToRegistry   scope: null,
82 silly mapToRegistry   escapedName: 'find-root',
82 silly mapToRegistry   name: 'find-root',
82 silly mapToRegistry   rawSpec: '',
82 silly mapToRegistry   spec: 'latest',
82 silly mapToRegistry   type: 'tag' }
83 silly mapToRegistry uri https://registry.npmjs.org/find-root
84 verbose request uri https://registry.npmjs.org/find-root
85 verbose request no auth needed
86 info attempt registry request try #1 at 11:10:12
87 http request GET https://registry.npmjs.org/find-root
88 verbose request uri https://registry.npmjs.org/chalk
89 verbose request no auth needed
90 info attempt registry request try #1 at 11:10:12
91 verbose etag W/"59491e19-8be5"
92 verbose lastModified Tue, 20 Jun 2017 13:07:37 GMT
93 http request GET https://registry.npmjs.org/chalk
94 http 200 https://registry.npmjs.org/find-root
95 verbose headers { server: 'nginx/1.10.1',
95 verbose headers   'content-type': 'application/json',
95 verbose headers   'last-modified': 'Fri, 23 Sep 2016 16:46:02 GMT',
95 verbose headers   etag: 'W/"57e55c4a-190f"',
95 verbose headers   'content-encoding': 'gzip',
95 verbose headers   'cache-control': 'max-age=300',
95 verbose headers   'content-length': '1639',
95 verbose headers   'accept-ranges': 'bytes',
95 verbose headers   date: 'Thu, 22 Jun 2017 16:10:12 GMT',
95 verbose headers   via: '1.1 varnish',
95 verbose headers   age: '10',
95 verbose headers   connection: 'keep-alive',
95 verbose headers   'x-served-by': 'cache-lax8621-LAX',
95 verbose headers   'x-cache': 'HIT',
95 verbose headers   'x-cache-hits': '1',
95 verbose headers   'x-timer': 'S1498147813.848089,VS0,VE0',
95 verbose headers   vary: 'Accept-Encoding' }
96 silly get cb [ 200,
96 silly get   { server: 'nginx/1.10.1',
96 silly get     'content-type': 'application/json',
96 silly get     'last-modified': 'Fri, 23 Sep 2016 16:46:02 GMT',
96 silly get     etag: 'W/"57e55c4a-190f"',
96 silly get     'content-encoding': 'gzip',
96 silly get     'cache-control': 'max-age=300',
96 silly get     'content-length': '1639',
96 silly get     'accept-ranges': 'bytes',
96 silly get     date: 'Thu, 22 Jun 2017 16:10:12 GMT',
96 silly get     via: '1.1 varnish',
96 silly get     age: '10',
96 silly get     connection: 'keep-alive',
96 silly get     'x-served-by': 'cache-lax8621-LAX',
96 silly get     'x-cache': 'HIT',
96 silly get     'x-cache-hits': '1',
96 silly get     'x-timer': 'S1498147813.848089,VS0,VE0',
96 silly get     vary: 'Accept-Encoding' } ]
97 verbose get saving find-root to /Users/fernando.amezcua/.npm/registry.npmjs.org/find-root/.cache.json
98 verbose correctMkdir /Users/fernando.amezcua/.npm correctMkdir not in flight; initializing
99 silly resolveWithNewModule find-root@1.0.0 checking installable status
100 silly cache add args [ 'find-root@^1.0.0', null ]
101 verbose cache add spec find-root@^1.0.0
102 silly cache add parsed spec Result {
102 silly cache add   raw: 'find-root@^1.0.0',
102 silly cache add   scope: null,
102 silly cache add   escapedName: 'find-root',
102 silly cache add   name: 'find-root',
102 silly cache add   rawSpec: '^1.0.0',
102 silly cache add   spec: '>=1.0.0 <2.0.0',
102 silly cache add   type: 'range' }
103 silly addNamed find-root@>=1.0.0 <2.0.0
104 verbose addNamed ">=1.0.0 <2.0.0" is a valid semver range for find-root
105 silly addNameRange { name: 'find-root', range: '>=1.0.0 <2.0.0', hasData: false }
106 silly mapToRegistry name find-root
107 silly mapToRegistry using default registry
108 silly mapToRegistry registry https://registry.npmjs.org/
109 silly mapToRegistry data Result {
109 silly mapToRegistry   raw: 'find-root',
109 silly mapToRegistry   scope: null,
109 silly mapToRegistry   escapedName: 'find-root',
109 silly mapToRegistry   name: 'find-root',
109 silly mapToRegistry   rawSpec: '',
109 silly mapToRegistry   spec: 'latest',
109 silly mapToRegistry   type: 'tag' }
110 silly mapToRegistry uri https://registry.npmjs.org/find-root
111 verbose addNameRange registry:https://registry.npmjs.org/find-root not in flight; fetching
112 verbose get https://registry.npmjs.org/find-root not expired, no request
113 silly addNameRange number 2 { name: 'find-root', range: '>=1.0.0 <2.0.0', hasData: true }
114 silly addNameRange versions [ 'find-root', [ '0.1.0', '0.1.1', '0.1.2', '1.0.0' ] ]
115 silly addNamed find-root@1.0.0
116 verbose addNamed "1.0.0" is a plain semver version for find-root
117 silly mapToRegistry name find-root
118 silly mapToRegistry using default registry
119 silly mapToRegistry registry https://registry.npmjs.org/
120 silly mapToRegistry data Result {
120 silly mapToRegistry   raw: 'find-root',
120 silly mapToRegistry   scope: null,
120 silly mapToRegistry   escapedName: 'find-root',
120 silly mapToRegistry   name: 'find-root',
120 silly mapToRegistry   rawSpec: '',
120 silly mapToRegistry   spec: 'latest',
120 silly mapToRegistry   type: 'tag' }
121 silly mapToRegistry uri https://registry.npmjs.org/find-root
122 verbose addRemoteTarball https://registry.npmjs.org/find-root/-/find-root-1.0.0.tgz not in flight; adding
123 verbose addRemoteTarball [ 'https://registry.npmjs.org/find-root/-/find-root-1.0.0.tgz',
123 verbose addRemoteTarball   '962ff211aab25c6520feeeb8d6287f8f6e95807a' ]
124 info retry fetch attempt 1 at 11:10:12
125 info attempt registry request try #1 at 11:10:12
126 http fetch GET https://registry.npmjs.org/find-root/-/find-root-1.0.0.tgz
127 http fetch 200 https://registry.npmjs.org/find-root/-/find-root-1.0.0.tgz
128 silly fetchAndShaCheck shasum 962ff211aab25c6520feeeb8d6287f8f6e95807a
129 verbose addTmpTarball /var/folders/0q/ggjwfgk11xvgqgb6y60mpx9h2xxy7j/T/npm-7429-300cc199/registry.npmjs.org/find-root/-/find-root-1.0.0.tgz not in flight; adding
130 verbose addTmpTarball already have metadata; skipping unpack for find-root@1.0.0
131 verbose correctMkdir /Users/fernando.amezcua/.npm correctMkdir not in flight; initializing
132 silly cache afterAdd find-root@1.0.0
133 verbose afterAdd /Users/fernando.amezcua/.npm/find-root/1.0.0/package/package.json not in flight; writing
134 verbose correctMkdir /Users/fernando.amezcua/.npm correctMkdir not in flight; initializing
135 verbose afterAdd /Users/fernando.amezcua/.npm/find-root/1.0.0/package/package.json written
136 http 200 https://registry.npmjs.org/chalk
137 verbose headers { server: 'nginx/1.10.1',
137 verbose headers   'content-type': 'application/json',
137 verbose headers   'last-modified': 'Wed, 21 Jun 2017 22:44:26 GMT',
137 verbose headers   etag: 'W/"594af6ca-8bb3"',
137 verbose headers   'content-encoding': 'gzip',
137 verbose headers   'cache-control': 'max-age=300',
137 verbose headers   'content-length': '9551',
137 verbose headers   'accept-ranges': 'bytes',
137 verbose headers   date: 'Thu, 22 Jun 2017 16:10:12 GMT',
137 verbose headers   via: '1.1 varnish',
137 verbose headers   age: '174',
137 verbose headers   connection: 'keep-alive',
137 verbose headers   'x-served-by': 'cache-lax8634-LAX',
137 verbose headers   'x-cache': 'HIT',
137 verbose headers   'x-cache-hits': '3',
137 verbose headers   'x-timer': 'S1498147813.976121,VS0,VE0',
137 verbose headers   vary: 'Accept-Encoding' }
138 silly get cb [ 200,
138 silly get   { server: 'nginx/1.10.1',
138 silly get     'content-type': 'application/json',
138 silly get     'last-modified': 'Wed, 21 Jun 2017 22:44:26 GMT',
138 silly get     etag: 'W/"594af6ca-8bb3"',
138 silly get     'content-encoding': 'gzip',
138 silly get     'cache-control': 'max-age=300',
138 silly get     'content-length': '9551',
138 silly get     'accept-ranges': 'bytes',
138 silly get     date: 'Thu, 22 Jun 2017 16:10:12 GMT',
138 silly get     via: '1.1 varnish',
138 silly get     age: '174',
138 silly get     connection: 'keep-alive',
138 silly get     'x-served-by': 'cache-lax8634-LAX',
138 silly get     'x-cache': 'HIT',
138 silly get     'x-cache-hits': '3',
138 silly get     'x-timer': 'S1498147813.976121,VS0,VE0',
138 silly get     vary: 'Accept-Encoding' } ]
139 verbose get saving chalk to /Users/fernando.amezcua/.npm/registry.npmjs.org/chalk/.cache.json
140 verbose correctMkdir /Users/fernando.amezcua/.npm correctMkdir not in flight; initializing
141 silly resolveWithNewModule chalk@1.1.3 checking installable status
142 silly cache add args [ 'chalk@^1.1.3', null ]
143 verbose cache add spec chalk@^1.1.3
144 silly cache add parsed spec Result {
144 silly cache add   raw: 'chalk@^1.1.3',
144 silly cache add   scope: null,
144 silly cache add   escapedName: 'chalk',
144 silly cache add   name: 'chalk',
144 silly cache add   rawSpec: '^1.1.3',
144 silly cache add   spec: '>=1.1.3 <2.0.0',
144 silly cache add   type: 'range' }
145 silly addNamed chalk@>=1.1.3 <2.0.0
146 verbose addNamed ">=1.1.3 <2.0.0" is a valid semver range for chalk
147 silly addNameRange { name: 'chalk', range: '>=1.1.3 <2.0.0', hasData: false }
148 silly mapToRegistry name chalk
149 silly mapToRegistry using default registry
150 silly mapToRegistry registry https://registry.npmjs.org/
151 silly mapToRegistry data Result {
151 silly mapToRegistry   raw: 'chalk',
151 silly mapToRegistry   scope: null,
151 silly mapToRegistry   escapedName: 'chalk',
151 silly mapToRegistry   name: 'chalk',
151 silly mapToRegistry   rawSpec: '',
151 silly mapToRegistry   spec: 'latest',
151 silly mapToRegistry   type: 'tag' }
152 silly mapToRegistry uri https://registry.npmjs.org/chalk
153 verbose addNameRange registry:https://registry.npmjs.org/chalk not in flight; fetching
154 verbose get https://registry.npmjs.org/chalk not expired, no request
155 silly addNameRange number 2 { name: 'chalk', range: '>=1.1.3 <2.0.0', hasData: true }
156 silly addNameRange versions [ 'chalk',
156 silly addNameRange   [ '0.1.0',
156 silly addNameRange     '0.1.1',
156 silly addNameRange     '0.2.0',
156 silly addNameRange     '0.2.1',
156 silly addNameRange     '0.3.0',
156 silly addNameRange     '0.4.0',
156 silly addNameRange     '0.5.0',
156 silly addNameRange     '0.5.1',
156 silly addNameRange     '1.0.0',
156 silly addNameRange     '1.1.0',
156 silly addNameRange     '1.1.1',
156 silly addNameRange     '1.1.2',
156 silly addNameRange     '1.1.3' ] ]
157 silly addNamed chalk@1.1.3
158 verbose addNamed "1.1.3" is a plain semver version for chalk
159 silly cache afterAdd chalk@1.1.3
160 verbose afterAdd /Users/fernando.amezcua/.npm/chalk/1.1.3/package/package.json not in flight; writing
161 verbose correctMkdir /Users/fernando.amezcua/.npm correctMkdir not in flight; initializing
162 verbose afterAdd /Users/fernando.amezcua/.npm/chalk/1.1.3/package/package.json written
163 silly fetchNamedPackageData ansi-styles
164 silly mapToRegistry name ansi-styles
165 silly mapToRegistry using default registry
166 silly mapToRegistry registry https://registry.npmjs.org/
167 silly mapToRegistry data Result {
167 silly mapToRegistry   raw: 'ansi-styles',
167 silly mapToRegistry   scope: null,
167 silly mapToRegistry   escapedName: 'ansi-styles',
167 silly mapToRegistry   name: 'ansi-styles',
167 silly mapToRegistry   rawSpec: '',
167 silly mapToRegistry   spec: 'latest',
167 silly mapToRegistry   type: 'tag' }
168 silly mapToRegistry uri https://registry.npmjs.org/ansi-styles
169 silly fetchNamedPackageData escape-string-regexp
170 silly mapToRegistry name escape-string-regexp
171 silly mapToRegistry using default registry
172 silly mapToRegistry registry https://registry.npmjs.org/
173 silly mapToRegistry data Result {
173 silly mapToRegistry   raw: 'escape-string-regexp',
173 silly mapToRegistry   scope: null,
173 silly mapToRegistry   escapedName: 'escape-string-regexp',
173 silly mapToRegistry   name: 'escape-string-regexp',
173 silly mapToRegistry   rawSpec: '',
173 silly mapToRegistry   spec: 'latest',
173 silly mapToRegistry   type: 'tag' }
174 silly mapToRegistry uri https://registry.npmjs.org/escape-string-regexp
175 silly fetchNamedPackageData has-ansi
176 silly mapToRegistry name has-ansi
177 silly mapToRegistry using default registry
178 silly mapToRegistry registry https://registry.npmjs.org/
179 silly mapToRegistry data Result {
179 silly mapToRegistry   raw: 'has-ansi',
179 silly mapToRegistry   scope: null,
179 silly mapToRegistry   escapedName: 'has-ansi',
179 silly mapToRegistry   name: 'has-ansi',
179 silly mapToRegistry   rawSpec: '',
179 silly mapToRegistry   spec: 'latest',
179 silly mapToRegistry   type: 'tag' }
180 silly mapToRegistry uri https://registry.npmjs.org/has-ansi
181 silly fetchNamedPackageData strip-ansi
182 silly mapToRegistry name strip-ansi
183 silly mapToRegistry using default registry
184 silly mapToRegistry registry https://registry.npmjs.org/
185 silly mapToRegistry data Result {
185 silly mapToRegistry   raw: 'strip-ansi',
185 silly mapToRegistry   scope: null,
185 silly mapToRegistry   escapedName: 'strip-ansi',
185 silly mapToRegistry   name: 'strip-ansi',
185 silly mapToRegistry   rawSpec: '',
185 silly mapToRegistry   spec: 'latest',
185 silly mapToRegistry   type: 'tag' }
186 silly mapToRegistry uri https://registry.npmjs.org/strip-ansi
187 silly fetchNamedPackageData supports-color
188 silly mapToRegistry name supports-color
189 silly mapToRegistry using default registry
190 silly mapToRegistry registry https://registry.npmjs.org/
191 silly mapToRegistry data Result {
191 silly mapToRegistry   raw: 'supports-color',
191 silly mapToRegistry   scope: null,
191 silly mapToRegistry   escapedName: 'supports-color',
191 silly mapToRegistry   name: 'supports-color',
191 silly mapToRegistry   rawSpec: '',
191 silly mapToRegistry   spec: 'latest',
191 silly mapToRegistry   type: 'tag' }
192 silly mapToRegistry uri https://registry.npmjs.org/supports-color
193 verbose request uri https://registry.npmjs.org/ansi-styles
194 verbose request no auth needed
195 info attempt registry request try #1 at 11:10:13
196 verbose etag W/"593f18b8-4d51"
197 verbose lastModified Mon, 12 Jun 2017 22:42:00 GMT
198 http request GET https://registry.npmjs.org/ansi-styles
199 verbose request uri https://registry.npmjs.org/has-ansi
200 verbose request no auth needed
201 info attempt registry request try #1 at 11:10:13
202 verbose etag W/"5949786e-2d5c"
203 verbose lastModified Tue, 20 Jun 2017 19:33:02 GMT
204 http request GET https://registry.npmjs.org/has-ansi
205 verbose request uri https://registry.npmjs.org/strip-ansi
206 verbose request no auth needed
207 info attempt registry request try #1 at 11:10:13
208 verbose etag W/"5949775a-4482"
209 verbose lastModified Tue, 20 Jun 2017 19:28:26 GMT
210 http request GET https://registry.npmjs.org/strip-ansi
211 verbose request uri https://registry.npmjs.org/escape-string-regexp
212 verbose request no auth needed
213 info attempt registry request try #1 at 11:10:13
214 verbose etag W/"5933666f-247e"
215 verbose lastModified Sun, 04 Jun 2017 01:46:23 GMT
216 http request GET https://registry.npmjs.org/escape-string-regexp
217 verbose request uri https://registry.npmjs.org/supports-color
218 verbose request no auth needed
219 info attempt registry request try #1 at 11:10:13
220 verbose etag W/"594975fc-6fcc"
221 verbose lastModified Tue, 20 Jun 2017 19:22:36 GMT
222 http request GET https://registry.npmjs.org/supports-color
223 http 200 https://registry.npmjs.org/ansi-styles
224 verbose headers { server: 'nginx/1.10.3',
224 verbose headers   'content-type': 'application/json',
224 verbose headers   'last-modified': 'Wed, 21 Jun 2017 22:44:25 GMT',
224 verbose headers   etag: 'W/"594af6c9-4d1f"',
224 verbose headers   'content-encoding': 'gzip',
224 verbose headers   'cache-control': 'max-age=300',
224 verbose headers   'content-length': '3626',
224 verbose headers   'accept-ranges': 'bytes',
224 verbose headers   date: 'Thu, 22 Jun 2017 16:10:13 GMT',
224 verbose headers   via: '1.1 varnish',
224 verbose headers   age: '58',
224 verbose headers   connection: 'keep-alive',
224 verbose headers   'x-served-by': 'cache-lax8621-LAX',
224 verbose headers   'x-cache': 'HIT',
224 verbose headers   'x-cache-hits': '3',
224 verbose headers   'x-timer': 'S1498147813.090990,VS0,VE0',
224 verbose headers   vary: 'Accept-Encoding' }
225 silly get cb [ 200,
225 silly get   { server: 'nginx/1.10.3',
225 silly get     'content-type': 'application/json',
225 silly get     'last-modified': 'Wed, 21 Jun 2017 22:44:25 GMT',
225 silly get     etag: 'W/"594af6c9-4d1f"',
225 silly get     'content-encoding': 'gzip',
225 silly get     'cache-control': 'max-age=300',
225 silly get     'content-length': '3626',
225 silly get     'accept-ranges': 'bytes',
225 silly get     date: 'Thu, 22 Jun 2017 16:10:13 GMT',
225 silly get     via: '1.1 varnish',
225 silly get     age: '58',
225 silly get     connection: 'keep-alive',
225 silly get     'x-served-by': 'cache-lax8621-LAX',
225 silly get     'x-cache': 'HIT',
225 silly get     'x-cache-hits': '3',
225 silly get     'x-timer': 'S1498147813.090990,VS0,VE0',
225 silly get     vary: 'Accept-Encoding' } ]
226 verbose get saving ansi-styles to /Users/fernando.amezcua/.npm/registry.npmjs.org/ansi-styles/.cache.json
227 verbose correctMkdir /Users/fernando.amezcua/.npm correctMkdir not in flight; initializing
228 http 200 https://registry.npmjs.org/has-ansi
229 verbose headers { server: 'nginx/1.10.3',
229 verbose headers   'content-type': 'application/json',
229 verbose headers   'last-modified': 'Wed, 21 Jun 2017 22:44:28 GMT',
229 verbose headers   etag: 'W/"594af6cc-2d2a"',
229 verbose headers   'content-encoding': 'gzip',
229 verbose headers   'cache-control': 'max-age=300',
229 verbose headers   'content-length': '2145',
229 verbose headers   'accept-ranges': 'bytes',
229 verbose headers   date: 'Thu, 22 Jun 2017 16:10:13 GMT',
229 verbose headers   via: '1.1 varnish',
229 verbose headers   age: '69',
229 verbose headers   connection: 'keep-alive',
229 verbose headers   'x-served-by': 'cache-lax8634-LAX',
229 verbose headers   'x-cache': 'HIT',
229 verbose headers   'x-cache-hits': '2',
229 verbose headers   'x-timer': 'S1498147813.094375,VS0,VE0',
229 verbose headers   vary: 'Accept-Encoding' }
230 silly get cb [ 200,
230 silly get   { server: 'nginx/1.10.3',
230 silly get     'content-type': 'application/json',
230 silly get     'last-modified': 'Wed, 21 Jun 2017 22:44:28 GMT',
230 silly get     etag: 'W/"594af6cc-2d2a"',
230 silly get     'content-encoding': 'gzip',
230 silly get     'cache-control': 'max-age=300',
230 silly get     'content-length': '2145',
230 silly get     'accept-ranges': 'bytes',
230 silly get     date: 'Thu, 22 Jun 2017 16:10:13 GMT',
230 silly get     via: '1.1 varnish',
230 silly get     age: '69',
230 silly get     connection: 'keep-alive',
230 silly get     'x-served-by': 'cache-lax8634-LAX',
230 silly get     'x-cache': 'HIT',
230 silly get     'x-cache-hits': '2',
230 silly get     'x-timer': 'S1498147813.094375,VS0,VE0',
230 silly get     vary: 'Accept-Encoding' } ]
231 verbose get saving has-ansi to /Users/fernando.amezcua/.npm/registry.npmjs.org/has-ansi/.cache.json
232 verbose correctMkdir /Users/fernando.amezcua/.npm correctMkdir not in flight; initializing
233 silly resolveWithNewModule ansi-styles@2.2.1 checking installable status
234 silly cache add args [ 'ansi-styles@^2.2.1', null ]
235 verbose cache add spec ansi-styles@^2.2.1
236 silly cache add parsed spec Result {
236 silly cache add   raw: 'ansi-styles@^2.2.1',
236 silly cache add   scope: null,
236 silly cache add   escapedName: 'ansi-styles',
236 silly cache add   name: 'ansi-styles',
236 silly cache add   rawSpec: '^2.2.1',
236 silly cache add   spec: '>=2.2.1 <3.0.0',
236 silly cache add   type: 'range' }
237 silly addNamed ansi-styles@>=2.2.1 <3.0.0
238 verbose addNamed ">=2.2.1 <3.0.0" is a valid semver range for ansi-styles
239 silly addNameRange { name: 'ansi-styles', range: '>=2.2.1 <3.0.0', hasData: false }
240 silly mapToRegistry name ansi-styles
241 silly mapToRegistry using default registry
242 silly mapToRegistry registry https://registry.npmjs.org/
243 silly mapToRegistry data Result {
243 silly mapToRegistry   raw: 'ansi-styles',
243 silly mapToRegistry   scope: null,
243 silly mapToRegistry   escapedName: 'ansi-styles',
243 silly mapToRegistry   name: 'ansi-styles',
243 silly mapToRegistry   rawSpec: '',
243 silly mapToRegistry   spec: 'latest',
243 silly mapToRegistry   type: 'tag' }
244 silly mapToRegistry uri https://registry.npmjs.org/ansi-styles
245 verbose addNameRange registry:https://registry.npmjs.org/ansi-styles not in flight; fetching
246 silly resolveWithNewModule has-ansi@2.0.0 checking installable status
247 silly cache add args [ 'has-ansi@^2.0.0', null ]
248 verbose cache add spec has-ansi@^2.0.0
249 silly cache add parsed spec Result {
249 silly cache add   raw: 'has-ansi@^2.0.0',
249 silly cache add   scope: null,
249 silly cache add   escapedName: 'has-ansi',
249 silly cache add   name: 'has-ansi',
249 silly cache add   rawSpec: '^2.0.0',
249 silly cache add   spec: '>=2.0.0 <3.0.0',
249 silly cache add   type: 'range' }
250 silly addNamed has-ansi@>=2.0.0 <3.0.0
251 verbose addNamed ">=2.0.0 <3.0.0" is a valid semver range for has-ansi
252 silly addNameRange { name: 'has-ansi', range: '>=2.0.0 <3.0.0', hasData: false }
253 silly mapToRegistry name has-ansi
254 silly mapToRegistry using default registry
255 silly mapToRegistry registry https://registry.npmjs.org/
256 silly mapToRegistry data Result {
256 silly mapToRegistry   raw: 'has-ansi',
256 silly mapToRegistry   scope: null,
256 silly mapToRegistry   escapedName: 'has-ansi',
256 silly mapToRegistry   name: 'has-ansi',
256 silly mapToRegistry   rawSpec: '',
256 silly mapToRegistry   spec: 'latest',
256 silly mapToRegistry   type: 'tag' }
257 silly mapToRegistry uri https://registry.npmjs.org/has-ansi
258 verbose addNameRange registry:https://registry.npmjs.org/has-ansi not in flight; fetching
259 verbose get https://registry.npmjs.org/ansi-styles not expired, no request
260 silly addNameRange number 2 { name: 'ansi-styles', range: '>=2.2.1 <3.0.0', hasData: true }
261 silly addNameRange versions [ 'ansi-styles',
261 silly addNameRange   [ '0.1.0',
261 silly addNameRange     '0.1.1',
261 silly addNameRange     '0.1.2',
261 silly addNameRange     '0.2.0',
261 silly addNameRange     '1.0.0',
261 silly addNameRange     '1.1.0',
261 silly addNameRange     '2.0.0',
261 silly addNameRange     '2.0.1',
261 silly addNameRange     '2.1.0',
261 silly addNameRange     '2.2.1',
261 silly addNameRange     '3.0.0',
261 silly addNameRange     '3.1.0' ] ]
262 silly addNamed ansi-styles@2.2.1
263 verbose addNamed "2.2.1" is a plain semver version for ansi-styles
264 verbose get https://registry.npmjs.org/has-ansi not expired, no request
265 silly addNameRange number 2 { name: 'has-ansi', range: '>=2.0.0 <3.0.0', hasData: true }
266 silly addNameRange versions [ 'has-ansi',
266 silly addNameRange   [ '0.1.0', '1.0.0', '1.0.1', '1.0.2', '1.0.3', '2.0.0', '3.0.0' ] ]
267 silly addNamed has-ansi@2.0.0
268 verbose addNamed "2.0.0" is a plain semver version for has-ansi
269 silly cache afterAdd ansi-styles@2.2.1
270 verbose afterAdd /Users/fernando.amezcua/.npm/ansi-styles/2.2.1/package/package.json not in flight; writing
271 verbose correctMkdir /Users/fernando.amezcua/.npm correctMkdir not in flight; initializing
272 silly cache afterAdd has-ansi@2.0.0
273 verbose afterAdd /Users/fernando.amezcua/.npm/has-ansi/2.0.0/package/package.json not in flight; writing
274 verbose correctMkdir /Users/fernando.amezcua/.npm correctMkdir not in flight; initializing
275 verbose afterAdd /Users/fernando.amezcua/.npm/ansi-styles/2.2.1/package/package.json written
276 verbose afterAdd /Users/fernando.amezcua/.npm/has-ansi/2.0.0/package/package.json written
277 http 304 https://registry.npmjs.org/escape-string-regexp
278 verbose headers { date: 'Thu, 22 Jun 2017 16:10:13 GMT',
278 verbose headers   via: '1.1 varnish',
278 verbose headers   'cache-control': 'max-age=300',
278 verbose headers   etag: 'W/"5933666f-247e"',
278 verbose headers   age: '21',
278 verbose headers   connection: 'keep-alive',
278 verbose headers   'x-served-by': 'cache-lax8630-LAX',
278 verbose headers   'x-cache': 'HIT',
278 verbose headers   'x-cache-hits': '2',
278 verbose headers   'x-timer': 'S1498147813.224091,VS0,VE0',
278 verbose headers   vary: 'Accept-Encoding' }
279 silly get cb [ 304,
279 silly get   { date: 'Thu, 22 Jun 2017 16:10:13 GMT',
279 silly get     via: '1.1 varnish',
279 silly get     'cache-control': 'max-age=300',
279 silly get     etag: 'W/"5933666f-247e"',
279 silly get     age: '21',
279 silly get     connection: 'keep-alive',
279 silly get     'x-served-by': 'cache-lax8630-LAX',
279 silly get     'x-cache': 'HIT',
279 silly get     'x-cache-hits': '2',
279 silly get     'x-timer': 'S1498147813.224091,VS0,VE0',
279 silly get     vary: 'Accept-Encoding' } ]
280 verbose etag https://registry.npmjs.org/escape-string-regexp from cache
281 verbose get saving escape-string-regexp to /Users/fernando.amezcua/.npm/registry.npmjs.org/escape-string-regexp/.cache.json
282 verbose correctMkdir /Users/fernando.amezcua/.npm correctMkdir not in flight; initializing
283 http 200 https://registry.npmjs.org/strip-ansi
284 verbose headers { server: 'nginx/1.10.3',
284 verbose headers   'content-type': 'application/json',
284 verbose headers   'last-modified': 'Wed, 21 Jun 2017 22:44:31 GMT',
284 verbose headers   etag: 'W/"594af6cf-4450"',
284 verbose headers   'content-encoding': 'gzip',
284 verbose headers   'cache-control': 'max-age=300',
284 verbose headers   'content-length': '2583',
284 verbose headers   'accept-ranges': 'bytes',
284 verbose headers   date: 'Thu, 22 Jun 2017 16:10:13 GMT',
284 verbose headers   via: '1.1 varnish',
284 verbose headers   age: '256',
284 verbose headers   connection: 'keep-alive',
284 verbose headers   'x-served-by': 'cache-lax8625-LAX',
284 verbose headers   'x-cache': 'HIT',
284 verbose headers   'x-cache-hits': '6',
284 verbose headers   'x-timer': 'S1498147813.221439,VS0,VE0',
284 verbose headers   vary: 'Accept-Encoding' }
285 silly get cb [ 200,
285 silly get   { server: 'nginx/1.10.3',
285 silly get     'content-type': 'application/json',
285 silly get     'last-modified': 'Wed, 21 Jun 2017 22:44:31 GMT',
285 silly get     etag: 'W/"594af6cf-4450"',
285 silly get     'content-encoding': 'gzip',
285 silly get     'cache-control': 'max-age=300',
285 silly get     'content-length': '2583',
285 silly get     'accept-ranges': 'bytes',
285 silly get     date: 'Thu, 22 Jun 2017 16:10:13 GMT',
285 silly get     via: '1.1 varnish',
285 silly get     age: '256',
285 silly get     connection: 'keep-alive',
285 silly get     'x-served-by': 'cache-lax8625-LAX',
285 silly get     'x-cache': 'HIT',
285 silly get     'x-cache-hits': '6',
285 silly get     'x-timer': 'S1498147813.221439,VS0,VE0',
285 silly get     vary: 'Accept-Encoding' } ]
286 verbose get saving strip-ansi to /Users/fernando.amezcua/.npm/registry.npmjs.org/strip-ansi/.cache.json
287 verbose correctMkdir /Users/fernando.amezcua/.npm correctMkdir not in flight; initializing
288 silly resolveWithNewModule escape-string-regexp@1.0.5 checking installable status
289 silly cache add args [ 'escape-string-regexp@^1.0.2', null ]
290 verbose cache add spec escape-string-regexp@^1.0.2
291 silly cache add parsed spec Result {
291 silly cache add   raw: 'escape-string-regexp@^1.0.2',
291 silly cache add   scope: null,
291 silly cache add   escapedName: 'escape-string-regexp',
291 silly cache add   name: 'escape-string-regexp',
291 silly cache add   rawSpec: '^1.0.2',
291 silly cache add   spec: '>=1.0.2 <2.0.0',
291 silly cache add   type: 'range' }
292 silly addNamed escape-string-regexp@>=1.0.2 <2.0.0
293 verbose addNamed ">=1.0.2 <2.0.0" is a valid semver range for escape-string-regexp
294 silly addNameRange { name: 'escape-string-regexp',
294 silly addNameRange   range: '>=1.0.2 <2.0.0',
294 silly addNameRange   hasData: false }
295 silly mapToRegistry name escape-string-regexp
296 silly mapToRegistry using default registry
297 silly mapToRegistry registry https://registry.npmjs.org/
298 silly mapToRegistry data Result {
298 silly mapToRegistry   raw: 'escape-string-regexp',
298 silly mapToRegistry   scope: null,
298 silly mapToRegistry   escapedName: 'escape-string-regexp',
298 silly mapToRegistry   name: 'escape-string-regexp',
298 silly mapToRegistry   rawSpec: '',
298 silly mapToRegistry   spec: 'latest',
298 silly mapToRegistry   type: 'tag' }
299 silly mapToRegistry uri https://registry.npmjs.org/escape-string-regexp
300 verbose addNameRange registry:https://registry.npmjs.org/escape-string-regexp not in flight; fetching
301 silly resolveWithNewModule strip-ansi@3.0.1 checking installable status
302 silly cache add args [ 'strip-ansi@^3.0.0', null ]
303 verbose cache add spec strip-ansi@^3.0.0
304 silly cache add parsed spec Result {
304 silly cache add   raw: 'strip-ansi@^3.0.0',
304 silly cache add   scope: null,
304 silly cache add   escapedName: 'strip-ansi',
304 silly cache add   name: 'strip-ansi',
304 silly cache add   rawSpec: '^3.0.0',
304 silly cache add   spec: '>=3.0.0 <4.0.0',
304 silly cache add   type: 'range' }
305 silly addNamed strip-ansi@>=3.0.0 <4.0.0
306 verbose addNamed ">=3.0.0 <4.0.0" is a valid semver range for strip-ansi
307 silly addNameRange { name: 'strip-ansi', range: '>=3.0.0 <4.0.0', hasData: false }
308 silly mapToRegistry name strip-ansi
309 silly mapToRegistry using default registry
310 silly mapToRegistry registry https://registry.npmjs.org/
311 silly mapToRegistry data Result {
311 silly mapToRegistry   raw: 'strip-ansi',
311 silly mapToRegistry   scope: null,
311 silly mapToRegistry   escapedName: 'strip-ansi',
311 silly mapToRegistry   name: 'strip-ansi',
311 silly mapToRegistry   rawSpec: '',
311 silly mapToRegistry   spec: 'latest',
311 silly mapToRegistry   type: 'tag' }
312 silly mapToRegistry uri https://registry.npmjs.org/strip-ansi
313 verbose addNameRange registry:https://registry.npmjs.org/strip-ansi not in flight; fetching
314 verbose get https://registry.npmjs.org/escape-string-regexp not expired, no request
315 silly addNameRange number 2 { name: 'escape-string-regexp',
315 silly addNameRange   range: '>=1.0.2 <2.0.0',
315 silly addNameRange   hasData: true }
316 silly addNameRange versions [ 'escape-string-regexp',
316 silly addNameRange   [ '1.0.0', '1.0.1', '1.0.2', '1.0.3', '1.0.4', '1.0.5' ] ]
317 silly addNamed escape-string-regexp@1.0.5
318 verbose addNamed "1.0.5" is a plain semver version for escape-string-regexp
319 http 200 https://registry.npmjs.org/supports-color
320 verbose headers { server: 'nginx/1.10.1',
320 verbose headers   'content-type': 'application/json',
320 verbose headers   'last-modified': 'Wed, 21 Jun 2017 22:44:33 GMT',
320 verbose headers   etag: 'W/"594af6d1-6f9a"',
320 verbose headers   'content-encoding': 'gzip',
320 verbose headers   'cache-control': 'max-age=300',
320 verbose headers   'content-length': '3768',
320 verbose headers   'accept-ranges': 'bytes',
320 verbose headers   date: 'Thu, 22 Jun 2017 16:10:13 GMT',
320 verbose headers   via: '1.1 varnish',
320 verbose headers   age: '243',
320 verbose headers   connection: 'keep-alive',
320 verbose headers   'x-served-by': 'cache-lax8644-LAX',
320 verbose headers   'x-cache': 'HIT',
320 verbose headers   'x-cache-hits': '1620',
320 verbose headers   'x-timer': 'S1498147813.228191,VS0,VE0',
320 verbose headers   vary: 'Accept-Encoding' }
321 silly get cb [ 200,
321 silly get   { server: 'nginx/1.10.1',
321 silly get     'content-type': 'application/json',
321 silly get     'last-modified': 'Wed, 21 Jun 2017 22:44:33 GMT',
321 silly get     etag: 'W/"594af6d1-6f9a"',
321 silly get     'content-encoding': 'gzip',
321 silly get     'cache-control': 'max-age=300',
321 silly get     'content-length': '3768',
321 silly get     'accept-ranges': 'bytes',
321 silly get     date: 'Thu, 22 Jun 2017 16:10:13 GMT',
321 silly get     via: '1.1 varnish',
321 silly get     age: '243',
321 silly get     connection: 'keep-alive',
321 silly get     'x-served-by': 'cache-lax8644-LAX',
321 silly get     'x-cache': 'HIT',
321 silly get     'x-cache-hits': '1620',
321 silly get     'x-timer': 'S1498147813.228191,VS0,VE0',
321 silly get     vary: 'Accept-Encoding' } ]
322 verbose get saving supports-color to /Users/fernando.amezcua/.npm/registry.npmjs.org/supports-color/.cache.json
323 verbose correctMkdir /Users/fernando.amezcua/.npm correctMkdir not in flight; initializing
324 verbose get https://registry.npmjs.org/strip-ansi not expired, no request
325 silly addNameRange number 2 { name: 'strip-ansi', range: '>=3.0.0 <4.0.0', hasData: true }
326 silly addNameRange versions [ 'strip-ansi',
326 silly addNameRange   [ '0.1.0',
326 silly addNameRange     '0.1.1',
326 silly addNameRange     '0.2.0',
326 silly addNameRange     '0.2.1',
326 silly addNameRange     '0.2.2',
326 silly addNameRange     '0.3.0',
326 silly addNameRange     '1.0.0',
326 silly addNameRange     '2.0.0',
326 silly addNameRange     '2.0.1',
326 silly addNameRange     '3.0.0',
326 silly addNameRange     '3.0.1',
326 silly addNameRange     '4.0.0' ] ]
327 silly addNamed strip-ansi@3.0.1
328 verbose addNamed "3.0.1" is a plain semver version for strip-ansi
329 silly cache afterAdd escape-string-regexp@1.0.5
330 verbose afterAdd /Users/fernando.amezcua/.npm/escape-string-regexp/1.0.5/package/package.json not in flight; writing
331 verbose correctMkdir /Users/fernando.amezcua/.npm correctMkdir not in flight; initializing
332 silly cache afterAdd strip-ansi@3.0.1
333 verbose afterAdd /Users/fernando.amezcua/.npm/strip-ansi/3.0.1/package/package.json not in flight; writing
334 verbose correctMkdir /Users/fernando.amezcua/.npm correctMkdir not in flight; initializing
335 silly resolveWithNewModule supports-color@2.0.0 checking installable status
336 silly cache add args [ 'supports-color@^2.0.0', null ]
337 verbose cache add spec supports-color@^2.0.0
338 silly cache add parsed spec Result {
338 silly cache add   raw: 'supports-color@^2.0.0',
338 silly cache add   scope: null,
338 silly cache add   escapedName: 'supports-color',
338 silly cache add   name: 'supports-color',
338 silly cache add   rawSpec: '^2.0.0',
338 silly cache add   spec: '>=2.0.0 <3.0.0',
338 silly cache add   type: 'range' }
339 silly addNamed supports-color@>=2.0.0 <3.0.0
340 verbose addNamed ">=2.0.0 <3.0.0" is a valid semver range for supports-color
341 silly addNameRange { name: 'supports-color',
341 silly addNameRange   range: '>=2.0.0 <3.0.0',
341 silly addNameRange   hasData: false }
342 silly mapToRegistry name supports-color
343 silly mapToRegistry using default registry
344 silly mapToRegistry registry https://registry.npmjs.org/
345 silly mapToRegistry data Result {
345 silly mapToRegistry   raw: 'supports-color',
345 silly mapToRegistry   scope: null,
345 silly mapToRegistry   escapedName: 'supports-color',
345 silly mapToRegistry   name: 'supports-color',
345 silly mapToRegistry   rawSpec: '',
345 silly mapToRegistry   spec: 'latest',
345 silly mapToRegistry   type: 'tag' }
346 silly mapToRegistry uri https://registry.npmjs.org/supports-color
347 verbose addNameRange registry:https://registry.npmjs.org/supports-color not in flight; fetching
348 verbose get https://registry.npmjs.org/supports-color not expired, no request
349 silly addNameRange number 2 { name: 'supports-color',
349 silly addNameRange   range: '>=2.0.0 <3.0.0',
349 silly addNameRange   hasData: true }
350 silly addNameRange versions [ 'supports-color',
350 silly addNameRange   [ '0.2.0',
350 silly addNameRange     '1.0.0',
350 silly addNameRange     '1.1.0',
350 silly addNameRange     '1.2.0',
350 silly addNameRange     '1.2.1',
350 silly addNameRange     '1.3.0',
350 silly addNameRange     '1.3.1',
350 silly addNameRange     '2.0.0',
350 silly addNameRange     '3.0.0',
350 silly addNameRange     '3.0.1',
350 silly addNameRange     '3.1.0',
350 silly addNameRange     '3.1.1',
350 silly addNameRange     '3.1.2',
350 silly addNameRange     '3.2.0',
350 silly addNameRange     '3.2.1',
350 silly addNameRange     '3.2.2',
350 silly addNameRange     '3.2.3',
350 silly addNameRange     '4.0.0' ] ]
351 silly addNamed supports-color@2.0.0
352 verbose addNamed "2.0.0" is a plain semver version for supports-color
353 verbose afterAdd /Users/fernando.amezcua/.npm/strip-ansi/3.0.1/package/package.json written
354 verbose afterAdd /Users/fernando.amezcua/.npm/escape-string-regexp/1.0.5/package/package.json written
355 silly cache afterAdd supports-color@2.0.0
356 verbose afterAdd /Users/fernando.amezcua/.npm/supports-color/2.0.0/package/package.json not in flight; writing
357 verbose correctMkdir /Users/fernando.amezcua/.npm correctMkdir not in flight; initializing
358 verbose afterAdd /Users/fernando.amezcua/.npm/supports-color/2.0.0/package/package.json written
359 silly fetchNamedPackageData ansi-regex
360 silly mapToRegistry name ansi-regex
361 silly mapToRegistry using default registry
362 silly mapToRegistry registry https://registry.npmjs.org/
363 silly mapToRegistry data Result {
363 silly mapToRegistry   raw: 'ansi-regex',
363 silly mapToRegistry   scope: null,
363 silly mapToRegistry   escapedName: 'ansi-regex',
363 silly mapToRegistry   name: 'ansi-regex',
363 silly mapToRegistry   rawSpec: '',
363 silly mapToRegistry   spec: 'latest',
363 silly mapToRegistry   type: 'tag' }
364 silly mapToRegistry uri https://registry.npmjs.org/ansi-regex
365 verbose request uri https://registry.npmjs.org/ansi-regex
366 verbose request no auth needed
367 info attempt registry request try #1 at 11:10:13
368 verbose etag W/"59497185-3a96"
369 verbose lastModified Tue, 20 Jun 2017 19:03:33 GMT
370 http request GET https://registry.npmjs.org/ansi-regex
371 http 200 https://registry.npmjs.org/ansi-regex
372 verbose headers { server: 'nginx/1.10.3',
372 verbose headers   'content-type': 'application/json',
372 verbose headers   'last-modified': 'Wed, 21 Jun 2017 22:44:24 GMT',
372 verbose headers   etag: 'W/"594af6c8-3a64"',
372 verbose headers   'content-encoding': 'gzip',
372 verbose headers   'cache-control': 'max-age=300',
372 verbose headers   'content-length': '2840',
372 verbose headers   'accept-ranges': 'bytes',
372 verbose headers   date: 'Thu, 22 Jun 2017 16:10:13 GMT',
372 verbose headers   via: '1.1 varnish',
372 verbose headers   age: '142',
372 verbose headers   connection: 'keep-alive',
372 verbose headers   'x-served-by': 'cache-lax8621-LAX',
372 verbose headers   'x-cache': 'HIT',
372 verbose headers   'x-cache-hits': '3',
372 verbose headers   'x-timer': 'S1498147813.326572,VS0,VE0',
372 verbose headers   vary: 'Accept-Encoding' }
373 silly get cb [ 200,
373 silly get   { server: 'nginx/1.10.3',
373 silly get     'content-type': 'application/json',
373 silly get     'last-modified': 'Wed, 21 Jun 2017 22:44:24 GMT',
373 silly get     etag: 'W/"594af6c8-3a64"',
373 silly get     'content-encoding': 'gzip',
373 silly get     'cache-control': 'max-age=300',
373 silly get     'content-length': '2840',
373 silly get     'accept-ranges': 'bytes',
373 silly get     date: 'Thu, 22 Jun 2017 16:10:13 GMT',
373 silly get     via: '1.1 varnish',
373 silly get     age: '142',
373 silly get     connection: 'keep-alive',
373 silly get     'x-served-by': 'cache-lax8621-LAX',
373 silly get     'x-cache': 'HIT',
373 silly get     'x-cache-hits': '3',
373 silly get     'x-timer': 'S1498147813.326572,VS0,VE0',
373 silly get     vary: 'Accept-Encoding' } ]
374 verbose get saving ansi-regex to /Users/fernando.amezcua/.npm/registry.npmjs.org/ansi-regex/.cache.json
375 verbose correctMkdir /Users/fernando.amezcua/.npm correctMkdir not in flight; initializing
376 silly resolveWithNewModule ansi-regex@2.1.1 checking installable status
377 silly cache add args [ 'ansi-regex@^2.0.0', null ]
378 verbose cache add spec ansi-regex@^2.0.0
379 silly cache add parsed spec Result {
379 silly cache add   raw: 'ansi-regex@^2.0.0',
379 silly cache add   scope: null,
379 silly cache add   escapedName: 'ansi-regex',
379 silly cache add   name: 'ansi-regex',
379 silly cache add   rawSpec: '^2.0.0',
379 silly cache add   spec: '>=2.0.0 <3.0.0',
379 silly cache add   type: 'range' }
380 silly addNamed ansi-regex@>=2.0.0 <3.0.0
381 verbose addNamed ">=2.0.0 <3.0.0" is a valid semver range for ansi-regex
382 silly addNameRange { name: 'ansi-regex', range: '>=2.0.0 <3.0.0', hasData: false }
383 silly mapToRegistry name ansi-regex
384 silly mapToRegistry using default registry
385 silly mapToRegistry registry https://registry.npmjs.org/
386 silly mapToRegistry data Result {
386 silly mapToRegistry   raw: 'ansi-regex',
386 silly mapToRegistry   scope: null,
386 silly mapToRegistry   escapedName: 'ansi-regex',
386 silly mapToRegistry   name: 'ansi-regex',
386 silly mapToRegistry   rawSpec: '',
386 silly mapToRegistry   spec: 'latest',
386 silly mapToRegistry   type: 'tag' }
387 silly mapToRegistry uri https://registry.npmjs.org/ansi-regex
388 verbose addNameRange registry:https://registry.npmjs.org/ansi-regex not in flight; fetching
389 verbose get https://registry.npmjs.org/ansi-regex not expired, no request
390 silly addNameRange number 2 { name: 'ansi-regex', range: '>=2.0.0 <3.0.0', hasData: true }
391 silly addNameRange versions [ 'ansi-regex',
391 silly addNameRange   [ '0.1.0',
391 silly addNameRange     '0.2.0',
391 silly addNameRange     '0.2.1',
391 silly addNameRange     '1.0.0',
391 silly addNameRange     '1.1.0',
391 silly addNameRange     '1.1.1',
391 silly addNameRange     '2.0.0',
391 silly addNameRange     '2.1.1',
391 silly addNameRange     '3.0.0' ] ]
392 silly addNamed ansi-regex@2.1.1
393 verbose addNamed "2.1.1" is a plain semver version for ansi-regex
394 silly cache afterAdd ansi-regex@2.1.1
395 verbose afterAdd /Users/fernando.amezcua/.npm/ansi-regex/2.1.1/package/package.json not in flight; writing
396 verbose correctMkdir /Users/fernando.amezcua/.npm correctMkdir not in flight; initializing
397 verbose afterAdd /Users/fernando.amezcua/.npm/ansi-regex/2.1.1/package/package.json written
398 silly loadAllDepsIntoIdealTree Finishing
399 silly loadIdealTree Finishing
400 silly currentTree lib
401 silly idealTree lib
401 silly idealTree  local-cordova@0.1.0
401 silly idealTree    ansi-regex@2.1.1
401 silly idealTree    ansi-styles@2.2.1
401 silly idealTree    chalk@1.1.3
401 silly idealTree    escape-string-regexp@1.0.5
401 silly idealTree    find-root@1.0.0
401 silly idealTree    has-ansi@2.0.0
401 silly idealTree    strip-ansi@3.0.1
401 silly idealTree    supports-color@2.0.0
402 silly generateActionsToTake Starting
403 silly install generateActionsToTake
404 warn checkPermissions Missing write access to /usr/local/lib/node_modules
405 silly rollbackFailedOptional Starting
406 silly rollbackFailedOptional Finishing
407 silly runTopLevelLifecycles Finishing
408 silly install printInstalled
409 verbose stack Error: EACCES: permission denied, access '/usr/local/lib/node_modules'
409 verbose stack     at Error (native)
410 verbose cwd /Users/fernando.amezcua/curso
411 error Darwin 15.6.0
412 error argv "/usr/local/bin/node" "/usr/local/bin/npm" "install" "local-cordova" "-g"
413 error node v6.10.3
414 error npm  v3.10.10
415 error path /usr/local/lib/node_modules
416 error code EACCES
417 error errno -13
418 error syscall access
419 error Error: EACCES: permission denied, access '/usr/local/lib/node_modules'
419 error     at Error (native)
419 error  { Error: EACCES: permission denied, access '/usr/local/lib/node_modules'
419 error     at Error (native)
419 error   errno: -13,
419 error   code: 'EACCES',
419 error   syscall: 'access',
419 error   path: '/usr/local/lib/node_modules' }
420 error Please try running this command again as root/Administrator.
421 verbose exit [ -13, true ]
